0 info it worked if it ends with ok
1 verbose cli [ '/usr/local/bin/node',
1 verbose cli   '/usr/local/bin/npm',
1 verbose cli   'install',
1 verbose cli   'profiler' ]
2 info using npm@3.8.6
3 info using node@v6.0.0
4 silly loadCurrentTree Starting
5 silly install loadCurrentTree
6 silly install readLocalPackageData
7 silly fetchPackageMetaData profiler
8 silly fetchNamedPackageData profiler
9 silly mapToRegistry name profiler
10 silly mapToRegistry using default registry
11 silly mapToRegistry registry https://registry.npmjs.org/
12 silly mapToRegistry data Result {
12 silly mapToRegistry   raw: 'profiler',
12 silly mapToRegistry   scope: null,
12 silly mapToRegistry   name: 'profiler',
12 silly mapToRegistry   rawSpec: '',
12 silly mapToRegistry   spec: 'latest',
12 silly mapToRegistry   type: 'tag' }
13 silly mapToRegistry uri https://registry.npmjs.org/profiler
14 verbose request uri https://registry.npmjs.org/profiler
15 verbose request no auth needed
16 info attempt registry request try #1 at 22:01:00
17 verbose request id 05148e819cd02a2e
18 verbose etag "673BA2FF0WMEATK5WMX6UJ1JQ"
19 http request GET https://registry.npmjs.org/profiler
20 http 304 https://registry.npmjs.org/profiler
21 verbose headers { date: 'Thu, 12 May 2016 14:01:01 GMT',
21 verbose headers   via: '1.1 varnish',
21 verbose headers   'cache-control': 'max-age=300',
21 verbose headers   etag: '"673BA2FF0WMEATK5WMX6UJ1JQ"',
21 verbose headers   age: '102',
21 verbose headers   connection: 'keep-alive',
21 verbose headers   'x-served-by': 'cache-nrt6124-NRT',
21 verbose headers   'x-cache': 'HIT',
21 verbose headers   'x-cache-hits': '1',
21 verbose headers   'x-timer': 'S1463061661.447492,VS0,VE0',
21 verbose headers   vary: 'Accept-Encoding' }
22 silly get cb [ 304,
22 silly get   { date: 'Thu, 12 May 2016 14:01:01 GMT',
22 silly get     via: '1.1 varnish',
22 silly get     'cache-control': 'max-age=300',
22 silly get     etag: '"673BA2FF0WMEATK5WMX6UJ1JQ"',
22 silly get     age: '102',
22 silly get     connection: 'keep-alive',
22 silly get     'x-served-by': 'cache-nrt6124-NRT',
22 silly get     'x-cache': 'HIT',
22 silly get     'x-cache-hits': '1',
22 silly get     'x-timer': 'S1463061661.447492,VS0,VE0',
22 silly get     vary: 'Accept-Encoding' } ]
23 verbose etag https://registry.npmjs.org/profiler from cache
24 verbose get saving profiler to /Users/liuxiaoyang/.npm/registry.npmjs.org/profiler/.cache.json
25 verbose correctMkdir /Users/liuxiaoyang/.npm correctMkdir not in flight; initializing
26 silly install normalizeTree
27 silly loadCurrentTree Finishing
28 silly loadIdealTree Starting
29 silly install loadIdealTree
30 silly cloneCurrentTree Starting
31 silly install cloneCurrentTreeToIdealTree
32 silly cloneCurrentTree Finishing
33 silly loadShrinkwrap Starting
34 silly install loadShrinkwrap
35 silly loadShrinkwrap Finishing
36 silly loadAllDepsIntoIdealTree Starting
37 silly install loadAllDepsIntoIdealTree
38 silly resolveWithNewModule profiler@1.2.3 checking installable status
39 silly cache add args [ 'profiler', null ]
40 verbose cache add spec profiler
41 silly cache add parsed spec Result {
41 silly cache add   raw: 'profiler',
41 silly cache add   scope: null,
41 silly cache add   name: 'profiler',
41 silly cache add   rawSpec: '',
41 silly cache add   spec: 'latest',
41 silly cache add   type: 'tag' }
42 silly addNamed profiler@latest
43 verbose addNamed "latest" is being treated as a dist-tag for profiler
44 info addNameTag [ 'profiler', 'latest' ]
45 silly mapToRegistry name profiler
46 silly mapToRegistry using default registry
47 silly mapToRegistry registry https://registry.npmjs.org/
48 silly mapToRegistry data Result {
48 silly mapToRegistry   raw: 'profiler',
48 silly mapToRegistry   scope: null,
48 silly mapToRegistry   name: 'profiler',
48 silly mapToRegistry   rawSpec: '',
48 silly mapToRegistry   spec: 'latest',
48 silly mapToRegistry   type: 'tag' }
49 silly mapToRegistry uri https://registry.npmjs.org/profiler
50 verbose addNameTag registry:https://registry.npmjs.org/profiler not in flight; fetching
51 verbose get https://registry.npmjs.org/profiler not expired, no request
52 silly addNameTag next cb for profiler with tag latest
53 silly addNamed profiler@1.2.3
54 verbose addNamed "1.2.3" is a plain semver version for profiler
55 silly cache afterAdd profiler@1.2.3
56 verbose afterAdd /Users/liuxiaoyang/.npm/profiler/1.2.3/package/package.json not in flight; writing
57 verbose correctMkdir /Users/liuxiaoyang/.npm correctMkdir not in flight; initializing
58 verbose afterAdd /Users/liuxiaoyang/.npm/profiler/1.2.3/package/package.json written
59 silly loadAllDepsIntoIdealTree Finishing
60 silly idealTree:prePrune node_exercise
60 silly idealTree:prePrune ├── async@1.5.2
60 silly idealTree:prePrune ├── co@4.6.0
60 silly idealTree:prePrune ├── lodash@4.5.1
60 silly idealTree:prePrune ├── moment@2.11.2
60 silly idealTree:prePrune ├── node-gyp
60 silly idealTree:prePrune ├─┬ pinyin@2.7.1
60 silly idealTree:prePrune │ ├─┬ commander@1.1.1
60 silly idealTree:prePrune │ │ └── keypress@0.1.0
60 silly idealTree:prePrune │ ├─┬ nodejieba@1.4.9
60 silly idealTree:prePrune │ │ └── nan@2.2.0
60 silly idealTree:prePrune │ └── object-assign@4.0.1
60 silly idealTree:prePrune └── profiler@1.2.3
61 silly loadIdealTree Finishing
62 silly currentTree node_exercise
62 silly currentTree ├── async@1.5.2
62 silly currentTree ├── co@4.6.0
62 silly currentTree ├── lodash@4.5.1
62 silly currentTree ├── moment@2.11.2
62 silly currentTree ├── node-gyp
62 silly currentTree └─┬ pinyin@2.7.1
62 silly currentTree   ├─┬ commander@1.1.1
62 silly currentTree   │ └── keypress@0.1.0
62 silly currentTree   ├─┬ nodejieba@1.4.9
62 silly currentTree   │ └── nan@2.2.0
62 silly currentTree   └── object-assign@4.0.1
63 silly idealTree node_exercise
63 silly idealTree ├── async@1.5.2
63 silly idealTree ├── co@4.6.0
63 silly idealTree ├── lodash@4.5.1
63 silly idealTree ├── moment@2.11.2
63 silly idealTree ├── node-gyp
63 silly idealTree ├─┬ pinyin@2.7.1
63 silly idealTree │ ├─┬ commander@1.1.1
63 silly idealTree │ │ └── keypress@0.1.0
63 silly idealTree │ ├─┬ nodejieba@1.4.9
63 silly idealTree │ │ └── nan@2.2.0
63 silly idealTree │ └── object-assign@4.0.1
63 silly idealTree └── profiler@1.2.3
64 silly generateActionsToTake Starting
65 silly install generateActionsToTake
66 silly generateActionsToTake Finishing
67 silly diffTrees action count 1
68 silly diffTrees add profiler@1.2.3
69 silly decomposeActions action count 8
70 silly decomposeActions fetch profiler@1.2.3
71 silly decomposeActions extract profiler@1.2.3
72 silly decomposeActions test profiler@1.2.3
73 silly decomposeActions preinstall profiler@1.2.3
74 silly decomposeActions build profiler@1.2.3
75 silly decomposeActions install profiler@1.2.3
76 silly decomposeActions postinstall profiler@1.2.3
77 silly decomposeActions finalize profiler@1.2.3
78 silly executeActions Starting
79 silly install executeActions
80 silly doSerial global-install 0
81 silly doParallel fetch 1
82 verbose correctMkdir /Users/liuxiaoyang/.npm/_locks correctMkdir not in flight; initializing
83 verbose lock using /Users/liuxiaoyang/.npm/_locks/staging-506edb311e5abcb7.lock for /Users/liuxiaoyang/github/node_exercise/node_modules/.staging
84 silly doParallel extract 1
85 silly extract profiler@1.2.3
86 verbose unbuild node_modules/.staging/profiler-6c2a97b8
87 silly gentlyRm /Users/liuxiaoyang/github/node_exercise/node_modules/.staging/profiler-6c2a97b8 is being purged from base /Users/liuxiaoyang/github/node_exercise
88 verbose gentlyRm don't care about contents; nuking /Users/liuxiaoyang/github/node_exercise/node_modules/.staging/profiler-6c2a97b8
89 verbose tar unpack /Users/liuxiaoyang/.npm/profiler/1.2.3/package.tgz
90 verbose tar unpacking to /Users/liuxiaoyang/github/node_exercise/node_modules/.staging/profiler-6c2a97b8
91 silly gentlyRm /Users/liuxiaoyang/github/node_exercise/node_modules/.staging/profiler-6c2a97b8 is being purged
92 verbose gentlyRm don't care about contents; nuking /Users/liuxiaoyang/github/node_exercise/node_modules/.staging/profiler-6c2a97b8
93 silly gunzTarPerm modes [ '755', '644' ]
94 silly gunzTarPerm extractEntry package.json
95 silly gunzTarPerm extractEntry .npmignore
96 silly gunzTarPerm extractEntry README.md
97 silly gunzTarPerm extractEntry LICENSE
98 silly gunzTarPerm extractEntry binding.gyp
99 silly gunzTarPerm extractEntry nprof
100 silly gunzTarPerm extractEntry profiler.cc
101 silly gunzTarPerm extractEntry tools/nprof-stub.js
102 silly gunzTarPerm extractEntry tools/build-nprof
103 silly gunzTarPerm extractEntry tools/v8/LICENSE
104 silly gunzTarPerm extractEntry tools/v8/codemap.js
105 silly gunzTarPerm extractEntry tools/v8/consarray.js
106 silly gunzTarPerm extractEntry tools/v8/csvparser.js
107 silly gunzTarPerm extractEntry tools/v8/logreader.js
108 silly gunzTarPerm extractEntry tools/v8/profile.js
109 silly gunzTarPerm extractEntry tools/v8/profile_view.js
110 silly gunzTarPerm extractEntry tools/v8/splaytree.js
111 silly gunzTarPerm extractEntry tools/v8/tickprocessor-driver.js
112 silly gunzTarPerm extractEntry tools/v8/tickprocessor.js
113 silly gentlyRm /Users/liuxiaoyang/github/node_exercise/node_modules/.staging/profiler-6c2a97b8/node_modules is being purged
114 verbose gentlyRm don't care about contents; nuking /Users/liuxiaoyang/github/node_exercise/node_modules/.staging/profiler-6c2a97b8/node_modules
115 silly doParallel preinstall 1
116 silly preinstall profiler@1.2.3 /Users/liuxiaoyang/github/node_exercise/node_modules/.staging/profiler-6c2a97b8
117 info lifecycle profiler@1.2.3~preinstall: profiler@1.2.3
118 silly lifecycle profiler@1.2.3~preinstall: no script for preinstall, continuing
119 silly doReverseSerial remove 0
120 silly doSerial move 0
121 silly doSerial finalize 1
122 silly finalize /Users/liuxiaoyang/github/node_exercise/node_modules/profiler
123 silly doSerial build 1
124 silly build profiler@1.2.3
125 info linkStuff profiler@1.2.3
126 silly linkStuff profiler@1.2.3 has /Users/liuxiaoyang/github/node_exercise/node_modules as its parent node_modules
127 verbose linkBins profiler@1.2.3
128 verbose link bins [ { nprof: 'nprof' },
128 verbose link bins   '/Users/liuxiaoyang/github/node_exercise/node_modules/.bin',
128 verbose link bins   false ]
129 verbose linkMans profiler@1.2.3
130 silly doSerial global-link 0
131 silly doParallel update-linked 0
132 silly doSerial install 1
133 silly install profiler@1.2.3 /Users/liuxiaoyang/github/node_exercise/node_modules/.staging/profiler-6c2a97b8
134 info lifecycle profiler@1.2.3~install: profiler@1.2.3
135 verbose lifecycle profiler@1.2.3~install: unsafe-perm in lifecycle false
136 verbose lifecycle profiler@1.2.3~install: PATH: /usr/local/lib/node_modules/npm/bin/node-gyp-bin:/Users/liuxiaoyang/github/node_exercise/node_modules/profiler/node_modules/.bin:/Users/liuxiaoyang/github/node_exercise/node_modules/.bin:/usr/local/bin:/usr/local/bin/npm:/usr/local/bin:/usr/bin:/bin:/usr/sbin:/sbin
137 verbose lifecycle profiler@1.2.3~install: CWD: /Users/liuxiaoyang/github/node_exercise/node_modules/profiler
138 silly lifecycle profiler@1.2.3~install: Args: [ '-c', 'node-gyp rebuild' ]
139 silly lifecycle profiler@1.2.3~install: Returned: code: 1  signal: null
140 info lifecycle profiler@1.2.3~install: Failed to exec install script
141 verbose unlock done using /Users/liuxiaoyang/.npm/_locks/staging-506edb311e5abcb7.lock for /Users/liuxiaoyang/github/node_exercise/node_modules/.staging
142 silly rollbackFailedOptional Starting
143 silly rollbackFailedOptional Finishing
144 silly runTopLevelLifecycles Starting
145 silly runTopLevelLifecycles Finishing
146 silly install printInstalled
147 warn enoent ENOENT: no such file or directory, open '/Users/liuxiaoyang/github/node_exercise/package.json'
148 warn enoent ENOENT: no such file or directory, open '/Users/liuxiaoyang/github/node_exercise/node_modules/node-gyp/package.json'
149 warn node_exercise No description
150 warn node_exercise No repository field.
151 warn node_exercise No README data
152 warn node_exercise No license field.
153 verbose stack Error: profiler@1.2.3 install: `node-gyp rebuild`
153 verbose stack Exit status 1
153 verbose stack     at EventEmitter.<anonymous> (/usr/local/lib/node_modules/npm/lib/utils/lifecycle.js:239:16)
153 verbose stack     at emitTwo (events.js:106:13)
153 verbose stack     at EventEmitter.emit (events.js:191:7)
153 verbose stack     at ChildProcess.<anonymous> (/usr/local/lib/node_modules/npm/lib/utils/spawn.js:24:14)
153 verbose stack     at emitTwo (events.js:106:13)
153 verbose stack     at ChildProcess.emit (events.js:191:7)
153 verbose stack     at maybeClose (internal/child_process.js:850:16)
153 verbose stack     at Process.ChildProcess._handle.onexit (internal/child_process.js:215:5)
154 verbose pkgid profiler@1.2.3
155 verbose cwd /Users/liuxiaoyang/github/node_exercise
156 error Darwin 15.4.0
157 error argv "/usr/local/bin/node" "/usr/local/bin/npm" "install" "profiler"
158 error node v6.0.0
159 error npm  v3.8.6
160 error code ELIFECYCLE
161 error profiler@1.2.3 install: `node-gyp rebuild`
161 error Exit status 1
162 error Failed at the profiler@1.2.3 install script 'node-gyp rebuild'.
162 error Make sure you have the latest version of node.js and npm installed.
162 error If you do, this is most likely a problem with the profiler package,
162 error not with npm itself.
162 error Tell the author that this fails on your system:
162 error     node-gyp rebuild
162 error You can get information on how to open an issue for this project with:
162 error     npm bugs profiler
162 error Or if that isn't available, you can get their info via:
162 error     npm owner ls profiler
162 error There is likely additional logging output above.
163 verbose exit [ 1, true ]
